19:27:40.724 [main] INFO  com.unicom.ApiWeiboApplication - Starting ApiWeiboApplication on BJMLIUP68 with PID 22092 (D:\unicomweibo\api-weibo\target\classes started by liup68 in D:\unicomweibo) 
19:27:40.727 [main] DEBUG com.unicom.ApiWeiboApplication - Running with Spring Boot v2.1.6.RELEASE, Spring v5.1.8.RELEASE 
19:27:40.728 [main] INFO  com.unicom.ApiWeiboApplication - No active profile set, falling back to default profiles: default 
19:27:41.837 [main] WARN  o.m.s.mapper.ClassPathMapperScanner - No MyBatis mapper was found in '[com.unicom]' package. Please check your configuration. 
19:27:42.072 [main] INFO  com.unicom.mybatis.ScannerConfig - ############# 配置MapperScannerConfigurer ############### 
19:27:42.078 [main] WARN  t.m.s.mapper.ClassPathMapperScanner - Skipping MapperFactoryBean with name 'convergenceKolMapper' and 'com.unicom.mapper.ConvergenceKolMapper' mapperInterface. Bean already defined with the same name! 
19:27:42.079 [main] WARN  t.m.s.mapper.ClassPathMapperScanner - Skipping MapperFactoryBean with name 'convergenceMediaMapper' and 'com.unicom.mapper.ConvergenceMediaMapper' mapperInterface. Bean already defined with the same name! 
19:27:42.079 [main] WARN  t.m.s.mapper.ClassPathMapperScanner - Skipping MapperFactoryBean with name 'convergenceTopWordsMapper' and 'com.unicom.mapper.ConvergenceTopWordsMapper' mapperInterface. Bean already defined with the same name! 
19:27:42.079 [main] WARN  t.m.s.mapper.ClassPathMapperScanner - Skipping MapperFactoryBean with name 'eventHeatRatioMapper' and 'com.unicom.mapper.EventHeatRatioMapper' mapperInterface. Bean already defined with the same name! 
19:27:42.080 [main] WARN  t.m.s.mapper.ClassPathMapperScanner - Skipping MapperFactoryBean with name 'eventHistoryTopMapper' and 'com.unicom.mapper.EventHistoryTopMapper' mapperInterface. Bean already defined with the same name! 
19:27:42.080 [main] WARN  t.m.s.mapper.ClassPathMapperScanner - Skipping MapperFactoryBean with name 'eventIndicatorMapper' and 'com.unicom.mapper.EventIndicatorMapper' mapperInterface. Bean already defined with the same name! 
19:27:42.080 [main] WARN  t.m.s.mapper.ClassPathMapperScanner - Skipping MapperFactoryBean with name 'eventInfoMapper' and 'com.unicom.mapper.EventInfoMapper' mapperInterface. Bean already defined with the same name! 
19:27:42.080 [main] WARN  t.m.s.mapper.ClassPathMapperScanner - Skipping MapperFactoryBean with name 'eventMeanwhileCaseMapper' and 'com.unicom.mapper.EventMeanwhileCaseMapper' mapperInterface. Bean already defined with the same name! 
19:27:42.080 [main] WARN  t.m.s.mapper.ClassPathMapperScanner - Skipping MapperFactoryBean with name 'eventRelaventCaseMapper' and 'com.unicom.mapper.EventRelaventCaseMapper' mapperInterface. Bean already defined with the same name! 
19:27:42.080 [main] WARN  t.m.s.mapper.ClassPathMapperScanner - Skipping MapperFactoryBean with name 'eventStatsMapper' and 'com.unicom.mapper.EventStatsMapper' mapperInterface. Bean already defined with the same name! 
19:27:42.080 [main] WARN  t.m.s.mapper.ClassPathMapperScanner - Skipping MapperFactoryBean with name 'eventTimelineTrendMapper' and 'com.unicom.mapper.EventTimelineTrendMapper' mapperInterface. Bean already defined with the same name! 
19:27:42.081 [main] WARN  t.m.s.mapper.ClassPathMapperScanner - Skipping MapperFactoryBean with name 'indexIntroMapper' and 'com.unicom.mapper.IndexIntroMapper' mapperInterface. Bean already defined with the same name! 
19:27:42.081 [main] WARN  t.m.s.mapper.ClassPathMapperScanner - Skipping MapperFactoryBean with name 'indexMonthEventAllMapper' and 'com.unicom.mapper.IndexMonthEventAllMapper' mapperInterface. Bean already defined with the same name! 
19:27:42.081 [main] WARN  t.m.s.mapper.ClassPathMapperScanner - Skipping MapperFactoryBean with name 'indexMonthEventDetailMapper' and 'com.unicom.mapper.IndexMonthEventDetailMapper' mapperInterface. Bean already defined with the same name! 
19:27:42.081 [main] WARN  t.m.s.mapper.ClassPathMapperScanner - Skipping MapperFactoryBean with name 'indexStatsMapper' and 'com.unicom.mapper.IndexStatsMapper' mapperInterface. Bean already defined with the same name! 
19:27:42.081 [main] WARN  t.m.s.mapper.ClassPathMapperScanner - Skipping MapperFactoryBean with name 'portraitActivityMapper' and 'com.unicom.mapper.PortraitActivityMapper' mapperInterface. Bean already defined with the same name! 
19:27:42.081 [main] WARN  t.m.s.mapper.ClassPathMapperScanner - Skipping MapperFactoryBean with name 'portraitPatternMapper' and 'com.unicom.mapper.PortraitPatternMapper' mapperInterface. Bean already defined with the same name! 
19:27:42.081 [main] WARN  t.m.s.mapper.ClassPathMapperScanner - Skipping MapperFactoryBean with name 'portraitProvinceMapper' and 'com.unicom.mapper.PortraitProvinceMapper' mapperInterface. Bean already defined with the same name! 
19:27:42.081 [main] WARN  t.m.s.mapper.ClassPathMapperScanner - Skipping MapperFactoryBean with name 'portraitSexMapper' and 'com.unicom.mapper.PortraitSexMapper' mapperInterface. Bean already defined with the same name! 
19:27:42.082 [main] WARN  t.m.s.mapper.ClassPathMapperScanner - Skipping MapperFactoryBean with name 'portraitTagsMapper' and 'com.unicom.mapper.PortraitTagsMapper' mapperInterface. Bean already defined with the same name! 
19:27:42.082 [main] WARN  t.m.s.mapper.ClassPathMapperScanner - Skipping MapperFactoryBean with name 'searchNavbarMapper' and 'com.unicom.mapper.SearchNavbarMapper' mapperInterface. Bean already defined with the same name! 
19:27:42.082 [main] WARN  t.m.s.mapper.ClassPathMapperScanner - No MyBatis mapper was found in '[com.unicom.mapper]' package. Please check your configuration. 
19:27:42.083 [main] INFO  o.s.c.a.ConfigurationClassPostProcessor - Cannot enhance @Configuration bean definition 'scannerConfig' since its singleton instance has been created too early. The typical cause is a non-static @Bean method with a BeanDefinitionRegistryPostProcessor return type: Consider declaring such methods as 'static'. 
19:27:42.397 [main] INFO  o.s.c.s.PostProcessorRegistrationDelegate$BeanPostProcessorChecker - Bean 'unicomBasicDataSource' of type [com.unicom.mybatis.UnicomBasicDataSource$$EnhancerBySpringCGLIB$$28b67be9] is not eligible for getting processed by all BeanPostProcessors (for example: not eligible for auto-proxying) 
19:27:42.400 [main] INFO  o.s.c.s.PostProcessorRegistrationDelegate$BeanPostProcessorChecker - Bean 'mybatisConfig' of type [com.unicom.mybatis.MybatisConfig$$EnhancerBySpringCGLIB$$87b50edc] is not eligible for getting processed by all BeanPostProcessors (for example: not eligible for auto-proxying) 
19:27:42.409 [main] INFO  com.unicom.mybatis.MybatisConfig - ############# 配置PlatformTransactionManager ################## 
19:27:42.410 [main] INFO  com.unicom.mybatis.MybatisConfig - ############# 配置DataSource ################## 
19:27:42.443 [main] INFO  o.s.c.s.PostProcessorRegistrationDelegate$BeanPostProcessorChecker - Bean 'dataSource' of type [com.alibaba.druid.pool.DruidDataSource] is not eligible for getting processed by all BeanPostProcessors (for example: not eligible for auto-proxying) 
19:27:42.447 [main] INFO  o.s.c.s.PostProcessorRegistrationDelegate$BeanPostProcessorChecker - Bean 'annotationDrivenTransactionManager' of type [org.springframework.jdbc.datasource.DataSourceTransactionManager] is not eligible for getting processed by all BeanPostProcessors (for example: not eligible for auto-proxying) 
19:27:42.447 [main] INFO  o.s.c.s.PostProcessorRegistrationDelegate$BeanPostProcessorChecker - Bean 'org.springframework.transaction.annotation.ProxyTransactionManagementConfiguration' of type [org.springframework.transaction.annotation.ProxyTransactionManagementConfiguration$$EnhancerBySpringCGLIB$$bd76c88d] is not eligible for getting processed by all BeanPostProcessors (for example: not eligible for auto-proxying) 
19:27:42.755 [main] INFO  o.s.b.w.e.tomcat.TomcatWebServer - Tomcat initialized with port(s): 8080 (http) 
19:27:42.780 [main] INFO  o.a.catalina.core.StandardService - Starting service [Tomcat] 
19:27:42.781 [main] INFO  o.a.catalina.core.StandardEngine - Starting Servlet engine: [Apache Tomcat/9.0.21] 
19:27:42.917 [main] INFO  o.a.c.c.C.[Tomcat].[localhost].[/] - Initializing Spring embedded WebApplicationContext 
19:27:42.917 [main] INFO  o.s.web.context.ContextLoader - Root WebApplicationContext: initialization completed in 2128 ms 
19:27:43.301 [main] INFO  com.unicom.mybatis.MybatisConfig - ############# 配置SqlSessionFactory ################## 
19:27:44.037 [main] WARN  o.s.b.w.s.c.AnnotationConfigServletWebServerApplicationContext - Exception encountered during context initialization - cancelling refresh attempt: org.springframework.beans.factory.BeanCreationException: Error creating bean with name 'sqlSessionFactory' defined in class path resource [com/unicom/mybatis/MybatisConfig.class]: Bean instantiation via factory method failed; nested exception is org.springframework.beans.BeanInstantiationException: Failed to instantiate [org.apache.ibatis.session.SqlSessionFactory]: Factory method 'sqlSessionFactory' threw exception; nested exception is java.lang.RuntimeException: org.springframework.core.NestedIOException: Failed to parse mapping resource: 'file [D:\unicomweibo\unicom-weibo-dal\target\classes\com\unicom\mapper\impl\PrortraitSexMapper.xml]'; nested exception is org.apache.ibatis.builder.BuilderException: Error parsing Mapper XML. Cause: org.apache.ibatis.builder.BuilderException: Error resolving class. Cause: org.apache.ibatis.type.TypeException: Could not resolve type alias 'com.unicom.model.PrortraitSex'.  Cause: java.lang.ClassNotFoundException: Cannot find class: com.unicom.model.PrortraitSex 
19:27:44.041 [main] INFO  o.a.catalina.core.StandardService - Stopping service [Tomcat] 
19:27:44.070 [main] INFO  o.s.b.a.l.ConditionEvaluationReportLoggingListener - 

Error starting ApplicationContext. To display the conditions report re-run your application with 'debug' enabled. 
19:27:44.081 [main] ERROR o.s.boot.SpringApplication - Application run failed 
org.springframework.beans.factory.BeanCreationException: Error creating bean with name 'sqlSessionFactory' defined in class path resource [com/unicom/mybatis/MybatisConfig.class]: Bean instantiation via factory method failed; nested exception is org.springframework.beans.BeanInstantiationException: Failed to instantiate [org.apache.ibatis.session.SqlSessionFactory]: Factory method 'sqlSessionFactory' threw exception; nested exception is java.lang.RuntimeException: org.springframework.core.NestedIOException: Failed to parse mapping resource: 'file [D:\unicomweibo\unicom-weibo-dal\target\classes\com\unicom\mapper\impl\PrortraitSexMapper.xml]'; nested exception is org.apache.ibatis.builder.BuilderException: Error parsing Mapper XML. Cause: org.apache.ibatis.builder.BuilderException: Error resolving class. Cause: org.apache.ibatis.type.TypeException: Could not resolve type alias 'com.unicom.model.PrortraitSex'.  Cause: java.lang.ClassNotFoundException: Cannot find class: com.unicom.model.PrortraitSex
	at org.springframework.beans.factory.support.ConstructorResolver.instantiate(ConstructorResolver.java:627)
	at org.springframework.beans.factory.support.ConstructorResolver.instantiateUsingFactoryMethod(ConstructorResolver.java:456)
	at org.springframework.beans.factory.support.AbstractAutowireCapableBeanFactory.instantiateUsingFactoryMethod(AbstractAutowireCapableBeanFactory.java:1321)
	at org.springframework.beans.factory.support.AbstractAutowireCapableBeanFactory.createBeanInstance(AbstractAutowireCapableBeanFactory.java:1160)
	at org.springframework.beans.factory.support.AbstractAutowireCapableBeanFactory.doCreateBean(AbstractAutowireCapableBeanFactory.java:555)
	at org.springframework.beans.factory.support.AbstractAutowireCapableBeanFactory.createBean(AbstractAutowireCapableBeanFactory.java:515)
	at org.springframework.beans.factory.support.AbstractBeanFactory.lambda$doGetBean$0(AbstractBeanFactory.java:320)
	at org.springframework.beans.factory.support.DefaultSingletonBeanRegistry.getSingleton(DefaultSingletonBeanRegistry.java:222)
	at org.springframework.beans.factory.support.AbstractBeanFactory.doGetBean(AbstractBeanFactory.java:318)
	at org.springframework.beans.factory.support.AbstractBeanFactory.getBean(AbstractBeanFactory.java:199)
	at org.springframework.beans.factory.support.DefaultListableBeanFactory.preInstantiateSingletons(DefaultListableBeanFactory.java:845)
	at org.springframework.context.support.AbstractApplicationContext.finishBeanFactoryInitialization(AbstractApplicationContext.java:877)
	at org.springframework.context.support.AbstractApplicationContext.refresh(AbstractApplicationContext.java:549)
	at org.springframework.boot.web.servlet.context.ServletWebServerApplicationContext.refresh(ServletWebServerApplicationContext.java:140)
	at org.springframework.boot.SpringApplication.refresh(SpringApplication.java:742)
	at org.springframework.boot.SpringApplication.refreshContext(SpringApplication.java:389)
	at org.springframework.boot.SpringApplication.run(SpringApplication.java:311)
	at org.springframework.boot.SpringApplication.run(SpringApplication.java:1213)
	at org.springframework.boot.SpringApplication.run(SpringApplication.java:1202)
	at com.unicom.ApiWeiboApplication.main(ApiWeiboApplication.java:11)
Caused by: org.springframework.beans.BeanInstantiationException: Failed to instantiate [org.apache.ibatis.session.SqlSessionFactory]: Factory method 'sqlSessionFactory' threw exception; nested exception is java.lang.RuntimeException: org.springframework.core.NestedIOException: Failed to parse mapping resource: 'file [D:\unicomweibo\unicom-weibo-dal\target\classes\com\unicom\mapper\impl\PrortraitSexMapper.xml]'; nested exception is org.apache.ibatis.builder.BuilderException: Error parsing Mapper XML. Cause: org.apache.ibatis.builder.BuilderException: Error resolving class. Cause: org.apache.ibatis.type.TypeException: Could not resolve type alias 'com.unicom.model.PrortraitSex'.  Cause: java.lang.ClassNotFoundException: Cannot find class: com.unicom.model.PrortraitSex
	at org.springframework.beans.factory.support.SimpleInstantiationStrategy.instantiate(SimpleInstantiationStrategy.java:185)
	at org.springframework.beans.factory.support.ConstructorResolver.instantiate(ConstructorResolver.java:622)
	... 19 common frames omitted
Caused by: java.lang.RuntimeException: org.springframework.core.NestedIOException: Failed to parse mapping resource: 'file [D:\unicomweibo\unicom-weibo-dal\target\classes\com\unicom\mapper\impl\PrortraitSexMapper.xml]'; nested exception is org.apache.ibatis.builder.BuilderException: Error parsing Mapper XML. Cause: org.apache.ibatis.builder.BuilderException: Error resolving class. Cause: org.apache.ibatis.type.TypeException: Could not resolve type alias 'com.unicom.model.PrortraitSex'.  Cause: java.lang.ClassNotFoundException: Cannot find class: com.unicom.model.PrortraitSex
	at com.unicom.mybatis.MybatisConfig.sqlSessionFactory(MybatisConfig.java:60)
	at com.unicom.mybatis.MybatisConfig$$EnhancerBySpringCGLIB$$87b50edc.CGLIB$sqlSessionFactory$2(<generated>)
	at com.unicom.mybatis.MybatisConfig$$EnhancerBySpringCGLIB$$87b50edc$$FastClassBySpringCGLIB$$a4b25995.invoke(<generated>)
	at org.springframework.cglib.proxy.MethodProxy.invokeSuper(MethodProxy.java:244)
	at org.springframework.context.annotation.ConfigurationClassEnhancer$BeanMethodInterceptor.intercept(ConfigurationClassEnhancer.java:363)
	at com.unicom.mybatis.MybatisConfig$$EnhancerBySpringCGLIB$$87b50edc.sqlSessionFactory(<generated>)
	at sun.reflect.NativeMethodAccessorImpl.invoke0(Native Method)
	at sun.reflect.NativeMethodAccessorImpl.invoke(NativeMethodAccessorImpl.java:62)
	at sun.reflect.DelegatingMethodAccessorImpl.invoke(DelegatingMethodAccessorImpl.java:43)
	at java.lang.reflect.Method.invoke(Method.java:498)
	at org.springframework.beans.factory.support.SimpleInstantiationStrategy.instantiate(SimpleInstantiationStrategy.java:154)
	... 20 common frames omitted
Caused by: org.springframework.core.NestedIOException: Failed to parse mapping resource: 'file [D:\unicomweibo\unicom-weibo-dal\target\classes\com\unicom\mapper\impl\PrortraitSexMapper.xml]'; nested exception is org.apache.ibatis.builder.BuilderException: Error parsing Mapper XML. Cause: org.apache.ibatis.builder.BuilderException: Error resolving class. Cause: org.apache.ibatis.type.TypeException: Could not resolve type alias 'com.unicom.model.PrortraitSex'.  Cause: java.lang.ClassNotFoundException: Cannot find class: com.unicom.model.PrortraitSex
	at org.mybatis.spring.SqlSessionFactoryBean.buildSqlSessionFactory(SqlSessionFactoryBean.java:523)
	at org.mybatis.spring.SqlSessionFactoryBean.afterPropertiesSet(SqlSessionFactoryBean.java:380)
	at org.mybatis.spring.SqlSessionFactoryBean.getObject(SqlSessionFactoryBean.java:547)
	at com.unicom.mybatis.MybatisConfig.sqlSessionFactory(MybatisConfig.java:58)
	... 30 common frames omitted
Caused by: org.apache.ibatis.builder.BuilderException: Error parsing Mapper XML. Cause: org.apache.ibatis.builder.BuilderException: Error resolving class. Cause: org.apache.ibatis.type.TypeException: Could not resolve type alias 'com.unicom.model.PrortraitSex'.  Cause: java.lang.ClassNotFoundException: Cannot find class: com.unicom.model.PrortraitSex
	at org.apache.ibatis.builder.xml.XMLMapperBuilder.configurationElement(XMLMapperBuilder.java:120)
	at org.apache.ibatis.builder.xml.XMLMapperBuilder.parse(XMLMapperBuilder.java:92)
	at org.mybatis.spring.SqlSessionFactoryBean.buildSqlSessionFactory(SqlSessionFactoryBean.java:521)
	... 33 common frames omitted
Caused by: org.apache.ibatis.builder.BuilderException: Error resolving class. Cause: org.apache.ibatis.type.TypeException: Could not resolve type alias 'com.unicom.model.PrortraitSex'.  Cause: java.lang.ClassNotFoundException: Cannot find class: com.unicom.model.PrortraitSex
	at org.apache.ibatis.builder.BaseBuilder.resolveClass(BaseBuilder.java:118)
	at org.apache.ibatis.builder.xml.XMLMapperBuilder.resultMapElement(XMLMapperBuilder.java:265)
	at org.apache.ibatis.builder.xml.XMLMapperBuilder.resultMapElement(XMLMapperBuilder.java:252)
	at org.apache.ibatis.builder.xml.XMLMapperBuilder.resultMapElements(XMLMapperBuilder.java:244)
	at org.apache.ibatis.builder.xml.XMLMapperBuilder.configurationElement(XMLMapperBuilder.java:116)
	... 35 common frames omitted
Caused by: org.apache.ibatis.type.TypeException: Could not resolve type alias 'com.unicom.model.PrortraitSex'.  Cause: java.lang.ClassNotFoundException: Cannot find class: com.unicom.model.PrortraitSex
	at org.apache.ibatis.type.TypeAliasRegistry.resolveAlias(TypeAliasRegistry.java:120)
	at org.apache.ibatis.builder.BaseBuilder.resolveAlias(BaseBuilder.java:149)
	at org.apache.ibatis.builder.BaseBuilder.resolveClass(BaseBuilder.java:116)
	... 39 common frames omitted
Caused by: java.lang.ClassNotFoundException: Cannot find class: com.unicom.model.PrortraitSex
	at org.apache.ibatis.io.ClassLoaderWrapper.classForName(ClassLoaderWrapper.java:200)
	at org.apache.ibatis.io.ClassLoaderWrapper.classForName(ClassLoaderWrapper.java:89)
	at org.apache.ibatis.io.Resources.classForName(Resources.java:261)
	at org.apache.ibatis.type.TypeAliasRegistry.resolveAlias(TypeAliasRegistry.java:116)
	... 41 common frames omitted
19:30:07.089 [main] INFO  com.unicom.ApiWeiboApplication - Starting ApiWeiboApplication on BJMLIUP68 with PID 20792 (D:\unicomweibo\api-weibo\target\classes started by liup68 in D:\unicomweibo) 
19:30:07.093 [main] DEBUG com.unicom.ApiWeiboApplication - Running with Spring Boot v2.1.6.RELEASE, Spring v5.1.8.RELEASE 
19:30:07.094 [main] INFO  com.unicom.ApiWeiboApplication - No active profile set, falling back to default profiles: default 
19:30:08.239 [main] WARN  o.m.s.mapper.ClassPathMapperScanner - No MyBatis mapper was found in '[com.unicom]' package. Please check your configuration. 
19:30:08.492 [main] INFO  com.unicom.mybatis.ScannerConfig - ############# 配置MapperScannerConfigurer ############### 
19:30:08.495 [main] WARN  t.m.s.mapper.ClassPathMapperScanner - Skipping MapperFactoryBean with name 'convergenceKolMapper' and 'com.unicom.mapper.ConvergenceKolMapper' mapperInterface. Bean already defined with the same name! 
19:30:08.496 [main] WARN  t.m.s.mapper.ClassPathMapperScanner - Skipping MapperFactoryBean with name 'convergenceMediaMapper' and 'com.unicom.mapper.ConvergenceMediaMapper' mapperInterface. Bean already defined with the same name! 
19:30:08.496 [main] WARN  t.m.s.mapper.ClassPathMapperScanner - Skipping MapperFactoryBean with name 'convergenceTopWordsMapper' and 'com.unicom.mapper.ConvergenceTopWordsMapper' mapperInterface. Bean already defined with the same name! 
19:30:08.496 [main] WARN  t.m.s.mapper.ClassPathMapperScanner - Skipping MapperFactoryBean with name 'eventHeatRatioMapper' and 'com.unicom.mapper.EventHeatRatioMapper' mapperInterface. Bean already defined with the same name! 
19:30:08.496 [main] WARN  t.m.s.mapper.ClassPathMapperScanner - Skipping MapperFactoryBean with name 'eventHistoryTopMapper' and 'com.unicom.mapper.EventHistoryTopMapper' mapperInterface. Bean already defined with the same name! 
19:30:08.496 [main] WARN  t.m.s.mapper.ClassPathMapperScanner - Skipping MapperFactoryBean with name 'eventIndicatorMapper' and 'com.unicom.mapper.EventIndicatorMapper' mapperInterface. Bean already defined with the same name! 
19:30:08.496 [main] WARN  t.m.s.mapper.ClassPathMapperScanner - Skipping MapperFactoryBean with name 'eventInfoMapper' and 'com.unicom.mapper.EventInfoMapper' mapperInterface. Bean already defined with the same name! 
19:30:08.496 [main] WARN  t.m.s.mapper.ClassPathMapperScanner - Skipping MapperFactoryBean with name 'eventMeanwhileCaseMapper' and 'com.unicom.mapper.EventMeanwhileCaseMapper' mapperInterface. Bean already defined with the same name! 
19:30:08.496 [main] WARN  t.m.s.mapper.ClassPathMapperScanner - Skipping MapperFactoryBean with name 'eventRelaventCaseMapper' and 'com.unicom.mapper.EventRelaventCaseMapper' mapperInterface. Bean already defined with the same name! 
19:30:08.496 [main] WARN  t.m.s.mapper.ClassPathMapperScanner - Skipping MapperFactoryBean with name 'eventStatsMapper' and 'com.unicom.mapper.EventStatsMapper' mapperInterface. Bean already defined with the same name! 
19:30:08.497 [main] WARN  t.m.s.mapper.ClassPathMapperScanner - Skipping MapperFactoryBean with name 'eventTimelineTrendMapper' and 'com.unicom.mapper.EventTimelineTrendMapper' mapperInterface. Bean already defined with the same name! 
19:30:08.497 [main] WARN  t.m.s.mapper.ClassPathMapperScanner - Skipping MapperFactoryBean with name 'indexIntroMapper' and 'com.unicom.mapper.IndexIntroMapper' mapperInterface. Bean already defined with the same name! 
19:30:08.497 [main] WARN  t.m.s.mapper.ClassPathMapperScanner - Skipping MapperFactoryBean with name 'indexMonthEventAllMapper' and 'com.unicom.mapper.IndexMonthEventAllMapper' mapperInterface. Bean already defined with the same name! 
19:30:08.497 [main] WARN  t.m.s.mapper.ClassPathMapperScanner - Skipping MapperFactoryBean with name 'indexMonthEventDetailMapper' and 'com.unicom.mapper.IndexMonthEventDetailMapper' mapperInterface. Bean already defined with the same name! 
19:30:08.497 [main] WARN  t.m.s.mapper.ClassPathMapperScanner - Skipping MapperFactoryBean with name 'indexStatsMapper' and 'com.unicom.mapper.IndexStatsMapper' mapperInterface. Bean already defined with the same name! 
19:30:08.497 [main] WARN  t.m.s.mapper.ClassPathMapperScanner - Skipping MapperFactoryBean with name 'portraitActivityMapper' and 'com.unicom.mapper.PortraitActivityMapper' mapperInterface. Bean already defined with the same name! 
19:30:08.497 [main] WARN  t.m.s.mapper.ClassPathMapperScanner - Skipping MapperFactoryBean with name 'portraitPatternMapper' and 'com.unicom.mapper.PortraitPatternMapper' mapperInterface. Bean already defined with the same name! 
19:30:08.497 [main] WARN  t.m.s.mapper.ClassPathMapperScanner - Skipping MapperFactoryBean with name 'portraitProvinceMapper' and 'com.unicom.mapper.PortraitProvinceMapper' mapperInterface. Bean already defined with the same name! 
19:30:08.497 [main] WARN  t.m.s.mapper.ClassPathMapperScanner - Skipping MapperFactoryBean with name 'portraitSexMapper' and 'com.unicom.mapper.PortraitSexMapper' mapperInterface. Bean already defined with the same name! 
19:30:08.498 [main] WARN  t.m.s.mapper.ClassPathMapperScanner - Skipping MapperFactoryBean with name 'portraitTagsMapper' and 'com.unicom.mapper.PortraitTagsMapper' mapperInterface. Bean already defined with the same name! 
19:30:08.498 [main] WARN  t.m.s.mapper.ClassPathMapperScanner - Skipping MapperFactoryBean with name 'searchNavbarMapper' and 'com.unicom.mapper.SearchNavbarMapper' mapperInterface. Bean already defined with the same name! 
19:30:08.498 [main] WARN  t.m.s.mapper.ClassPathMapperScanner - No MyBatis mapper was found in '[com.unicom.mapper]' package. Please check your configuration. 
19:30:08.499 [main] INFO  o.s.c.a.ConfigurationClassPostProcessor - Cannot enhance @Configuration bean definition 'scannerConfig' since its singleton instance has been created too early. The typical cause is a non-static @Bean method with a BeanDefinitionRegistryPostProcessor return type: Consider declaring such methods as 'static'. 
19:30:08.805 [main] INFO  o.s.c.s.PostProcessorRegistrationDelegate$BeanPostProcessorChecker - Bean 'unicomBasicDataSource' of type [com.unicom.mybatis.UnicomBasicDataSource$$EnhancerBySpringCGLIB$$cbd4832e] is not eligible for getting processed by all BeanPostProcessors (for example: not eligible for auto-proxying) 
19:30:08.810 [main] INFO  o.s.c.s.PostProcessorRegistrationDelegate$BeanPostProcessorChecker - Bean 'mybatisConfig' of type [com.unicom.mybatis.MybatisConfig$$EnhancerBySpringCGLIB$$2ad31621] is not eligible for getting processed by all BeanPostProcessors (for example: not eligible for auto-proxying) 
19:30:08.820 [main] INFO  com.unicom.mybatis.MybatisConfig - ############# 配置PlatformTransactionManager ################## 
19:30:08.821 [main] INFO  com.unicom.mybatis.MybatisConfig - ############# 配置DataSource ################## 
19:30:08.854 [main] INFO  o.s.c.s.PostProcessorRegistrationDelegate$BeanPostProcessorChecker - Bean 'dataSource' of type [com.alibaba.druid.pool.DruidDataSource] is not eligible for getting processed by all BeanPostProcessors (for example: not eligible for auto-proxying) 
19:30:08.858 [main] INFO  o.s.c.s.PostProcessorRegistrationDelegate$BeanPostProcessorChecker - Bean 'annotationDrivenTransactionManager' of type [org.springframework.jdbc.datasource.DataSourceTransactionManager] is not eligible for getting processed by all BeanPostProcessors (for example: not eligible for auto-proxying) 
19:30:08.859 [main] INFO  o.s.c.s.PostProcessorRegistrationDelegate$BeanPostProcessorChecker - Bean 'org.springframework.transaction.annotation.ProxyTransactionManagementConfiguration' of type [org.springframework.transaction.annotation.ProxyTransactionManagementConfiguration$$EnhancerBySpringCGLIB$$6094cfd2] is not eligible for getting processed by all BeanPostProcessors (for example: not eligible for auto-proxying) 
19:30:09.161 [main] INFO  o.s.b.w.e.tomcat.TomcatWebServer - Tomcat initialized with port(s): 8080 (http) 
19:30:09.183 [main] INFO  o.a.catalina.core.StandardService - Starting service [Tomcat] 
19:30:09.183 [main] INFO  o.a.catalina.core.StandardEngine - Starting Servlet engine: [Apache Tomcat/9.0.21] 
19:30:09.318 [main] INFO  o.a.c.c.C.[Tomcat].[localhost].[/] - Initializing Spring embedded WebApplicationContext 
19:30:09.319 [main] INFO  o.s.web.context.ContextLoader - Root WebApplicationContext: initialization completed in 2169 ms 
19:30:09.700 [main] INFO  com.unicom.mybatis.MybatisConfig - ############# 配置SqlSessionFactory ################## 
19:30:10.520 [main] INFO  com.unicom.mybatis.MybatisConfig - ############# 配置SqlSessionTemplate ################## 
19:30:10.709 [main] INFO  o.s.s.c.ThreadPoolTaskExecutor - Initializing ExecutorService 'applicationTaskExecutor' 
19:30:10.839 [main] WARN  o.s.b.a.t.ThymeleafAutoConfiguration$DefaultTemplateResolverConfiguration - Cannot find template location: classpath:/templates/ (please add some templates or check your Thymeleaf configuration) 
19:30:10.886 [main] INFO  t.m.m.a.MapperCacheDisabler - Clear tk.mybatis.mapper.util.MsUtil CLASS_CACHE cache. 
19:30:10.887 [main] INFO  t.m.m.a.MapperCacheDisabler - Clear tk.mybatis.mapper.genid.GenIdUtil CACHE cache. 
19:30:10.888 [main] INFO  t.m.m.a.MapperCacheDisabler - Clear tk.mybatis.mapper.version.VersionUtil CACHE cache. 
19:30:10.890 [main] INFO  t.m.m.a.MapperCacheDisabler - Clear EntityHelper entityTableMap cache. 
19:30:11.215 [main] INFO  o.s.b.a.s.s.UserDetailsServiceAutoConfiguration - 

Using generated security password: 7451d871-6f19-41c2-98be-3d9223d8f790
 
19:30:11.308 [main] INFO  o.s.s.w.DefaultSecurityFilterChain - Creating filter chain: any request, [org.springframework.security.web.context.request.async.WebAsyncManagerIntegrationFilter@7c1447b5, org.springframework.security.web.context.SecurityContextPersistenceFilter@36920bd6, org.springframework.security.web.header.HeaderWriterFilter@205df5dc, org.springframework.security.web.csrf.CsrfFilter@2740e316, org.springframework.security.web.authentication.logout.LogoutFilter@550de6b8, org.springframework.security.web.authentication.UsernamePasswordAuthenticationFilter@705a8dbc, org.springframework.security.web.authentication.ui.DefaultLoginPageGeneratingFilter@7cf78c85, org.springframework.security.web.authentication.ui.DefaultLogoutPageGeneratingFilter@49e4c2d5, org.springframework.security.web.authentication.www.BasicAuthenticationFilter@5dbb50f3, org.springframework.security.web.savedrequest.RequestCacheAwareFilter@6bee793f, org.springframework.security.web.servletapi.SecurityContextHolderAwareRequestFilter@188598ad, org.springframework.security.web.authentication.AnonymousAuthenticationFilter@24a2e565, org.springframework.security.web.session.SessionManagementFilter@6bcc3f27, org.springframework.security.web.access.ExceptionTranslationFilter@6a1d6ef2, org.springframework.security.web.access.intercept.FilterSecurityInterceptor@2b0e9f30] 
19:30:11.393 [main] INFO  o.s.b.a.e.web.EndpointLinksResolver - Exposing 2 endpoint(s) beneath base path '/actuator' 
19:30:11.544 [main] INFO  o.s.b.w.e.tomcat.TomcatWebServer - Tomcat started on port(s): 8080 (http) with context path '' 
19:30:11.549 [main] INFO  com.unicom.ApiWeiboApplication - Started ApiWeiboApplication in 4.915 seconds (JVM running for 6.326) 
19:30:12.063 [RMI TCP Connection(2)-127.0.0.1] INFO  o.a.c.c.C.[Tomcat].[localhost].[/] - Initializing Spring DispatcherServlet 'dispatcherServlet' 
19:30:12.063 [RMI TCP Connection(2)-127.0.0.1] INFO  o.s.web.servlet.DispatcherServlet - Initializing Servlet 'dispatcherServlet' 
19:30:12.093 [RMI TCP Connection(2)-127.0.0.1] INFO  o.s.web.servlet.DispatcherServlet - Completed initialization in 30 ms 
19:30:12.433 [RMI TCP Connection(4)-127.0.0.1] ERROR c.a.druid.pool.DruidDataSource - init datasource error, url: jdbc:mysql://localhost:3306/weibo?useUnicode=true&characterEncoding=UTF-8&zeroDateTimeBehavior=convertToNull&allowMultiQueries=true&useSSL=false 
java.sql.SQLSyntaxErrorException: Unknown database 'weibo'
	at com.mysql.cj.jdbc.exceptions.SQLError.createSQLException(SQLError.java:120)
	at com.mysql.cj.jdbc.exceptions.SQLError.createSQLException(SQLError.java:97)
	at com.mysql.cj.jdbc.exceptions.SQLExceptionsMapping.translateException(SQLExceptionsMapping.java:122)
	at com.mysql.cj.jdbc.ConnectionImpl.createNewIO(ConnectionImpl.java:835)
	at com.mysql.cj.jdbc.ConnectionImpl.<init>(ConnectionImpl.java:455)
	at com.mysql.cj.jdbc.ConnectionImpl.getInstance(ConnectionImpl.java:240)
	at com.mysql.cj.jdbc.NonRegisteringDriver.connect(NonRegisteringDriver.java:199)
	at com.alibaba.druid.pool.DruidAbstractDataSource.createPhysicalConnection(DruidAbstractDataSource.java:1578)
	at com.alibaba.druid.pool.DruidAbstractDataSource.createPhysicalConnection(DruidAbstractDataSource.java:1644)
	at com.alibaba.druid.pool.DruidDataSource.init(DruidDataSource.java:918)
	at com.alibaba.druid.pool.DruidDataSource.getConnection(DruidDataSource.java:1300)
	at com.alibaba.druid.pool.DruidDataSource.getConnection(DruidDataSource.java:1296)
	at com.alibaba.druid.pool.DruidDataSource.getConnection(DruidDataSource.java:109)
	at org.springframework.jdbc.datasource.DataSourceUtils.fetchConnection(DataSourceUtils.java:157)
	at org.springframework.jdbc.datasource.DataSourceUtils.doGetConnection(DataSourceUtils.java:115)
	at org.springframework.jdbc.datasource.DataSourceUtils.getConnection(DataSourceUtils.java:78)
	at org.springframework.jdbc.core.JdbcTemplate.execute(JdbcTemplate.java:323)
	at org.springframework.boot.actuate.jdbc.DataSourceHealthIndicator.getProduct(DataSourceHealthIndicator.java:119)
	at org.springframework.boot.actuate.jdbc.DataSourceHealthIndicator.doDataSourceHealthCheck(DataSourceHealthIndicator.java:107)
	at org.springframework.boot.actuate.jdbc.DataSourceHealthIndicator.doHealthCheck(DataSourceHealthIndicator.java:102)
	at org.springframework.boot.actuate.health.AbstractHealthIndicator.health(AbstractHealthIndicator.java:82)
	at org.springframework.boot.actuate.health.CompositeHealthIndicator.health(CompositeHealthIndicator.java:95)
	at org.springframework.boot.actuate.health.HealthEndpoint.health(HealthEndpoint.java:50)
	at sun.reflect.NativeMethodAccessorImpl.invoke0(Native Method)
	at sun.reflect.NativeMethodAccessorImpl.invoke(NativeMethodAccessorImpl.java:62)
	at sun.reflect.DelegatingMethodAccessorImpl.invoke(DelegatingMethodAccessorImpl.java:43)
	at java.lang.reflect.Method.invoke(Method.java:498)
	at org.springframework.util.ReflectionUtils.invokeMethod(ReflectionUtils.java:282)
	at org.springframework.boot.actuate.endpoint.invoke.reflect.ReflectiveOperationInvoker.invoke(ReflectiveOperationInvoker.java:76)
	at org.springframework.boot.actuate.endpoint.annotation.AbstractDiscoveredOperation.invoke(AbstractDiscoveredOperation.java:60)
	at org.springframework.boot.actuate.endpoint.jmx.EndpointMBean.invoke(EndpointMBean.java:121)
	at org.springframework.boot.actuate.endpoint.jmx.EndpointMBean.invoke(EndpointMBean.java:96)
	at com.sun.jmx.interceptor.DefaultMBeanServerInterceptor.invoke(DefaultMBeanServerInterceptor.java:819)
	at com.sun.jmx.mbeanserver.JmxMBeanServer.invoke(JmxMBeanServer.java:801)
	at javax.management.remote.rmi.RMIConnectionImpl.doOperation(RMIConnectionImpl.java:1468)
	at javax.management.remote.rmi.RMIConnectionImpl.access$300(RMIConnectionImpl.java:76)
	at javax.management.remote.rmi.RMIConnectionImpl$PrivilegedOperation.run(RMIConnectionImpl.java:1309)
	at javax.management.remote.rmi.RMIConnectionImpl.doPrivilegedOperation(RMIConnectionImpl.java:1401)
	at javax.management.remote.rmi.RMIConnectionImpl.invoke(RMIConnectionImpl.java:829)
	at sun.reflect.GeneratedMethodAccessor60.invoke(Unknown Source)
	at sun.reflect.DelegatingMethodAccessorImpl.invoke(DelegatingMethodAccessorImpl.java:43)
	at java.lang.reflect.Method.invoke(Method.java:498)
	at sun.rmi.server.UnicastServerRef.dispatch(UnicastServerRef.java:357)
	at sun.rmi.transport.Transport$1.run(Transport.java:200)
	at sun.rmi.transport.Transport$1.run(Transport.java:197)
	at java.security.AccessController.doPrivileged(Native Method)
	at sun.rmi.transport.Transport.serviceCall(Transport.java:196)
	at sun.rmi.transport.tcp.TCPTransport.handleMessages(TCPTransport.java:573)
	at sun.rmi.transport.tcp.TCPTransport$ConnectionHandler.run0(TCPTransport.java:834)
	at sun.rmi.transport.tcp.TCPTransport$ConnectionHandler.lambda$run$0(TCPTransport.java:688)
	at java.security.AccessController.doPrivileged(Native Method)
	at sun.rmi.transport.tcp.TCPTransport$ConnectionHandler.run(TCPTransport.java:687)
	at java.util.concurrent.ThreadPoolExecutor.runWorker(ThreadPoolExecutor.java:1149)
	at java.util.concurrent.ThreadPoolExecutor$Worker.run(ThreadPoolExecutor.java:624)
	at java.lang.Thread.run(Thread.java:748)
19:30:12.441 [RMI TCP Connection(4)-127.0.0.1] ERROR c.a.druid.pool.DruidDataSource - {dataSource-1} init error 
java.sql.SQLSyntaxErrorException: Unknown database 'weibo'
	at com.mysql.cj.jdbc.exceptions.SQLError.createSQLException(SQLError.java:120)
	at com.mysql.cj.jdbc.exceptions.SQLError.createSQLException(SQLError.java:97)
	at com.mysql.cj.jdbc.exceptions.SQLExceptionsMapping.translateException(SQLExceptionsMapping.java:122)
	at com.mysql.cj.jdbc.ConnectionImpl.createNewIO(ConnectionImpl.java:835)
	at com.mysql.cj.jdbc.ConnectionImpl.<init>(ConnectionImpl.java:455)
	at com.mysql.cj.jdbc.ConnectionImpl.getInstance(ConnectionImpl.java:240)
	at com.mysql.cj.jdbc.NonRegisteringDriver.connect(NonRegisteringDriver.java:199)
	at com.alibaba.druid.pool.DruidAbstractDataSource.createPhysicalConnection(DruidAbstractDataSource.java:1578)
	at com.alibaba.druid.pool.DruidAbstractDataSource.createPhysicalConnection(DruidAbstractDataSource.java:1644)
	at com.alibaba.druid.pool.DruidDataSource.init(DruidDataSource.java:918)
	at com.alibaba.druid.pool.DruidDataSource.getConnection(DruidDataSource.java:1300)
	at com.alibaba.druid.pool.DruidDataSource.getConnection(DruidDataSource.java:1296)
	at com.alibaba.druid.pool.DruidDataSource.getConnection(DruidDataSource.java:109)
	at org.springframework.jdbc.datasource.DataSourceUtils.fetchConnection(DataSourceUtils.java:157)
	at org.springframework.jdbc.datasource.DataSourceUtils.doGetConnection(DataSourceUtils.java:115)
	at org.springframework.jdbc.datasource.DataSourceUtils.getConnection(DataSourceUtils.java:78)
	at org.springframework.jdbc.core.JdbcTemplate.execute(JdbcTemplate.java:323)
	at org.springframework.boot.actuate.jdbc.DataSourceHealthIndicator.getProduct(DataSourceHealthIndicator.java:119)
	at org.springframework.boot.actuate.jdbc.DataSourceHealthIndicator.doDataSourceHealthCheck(DataSourceHealthIndicator.java:107)
	at org.springframework.boot.actuate.jdbc.DataSourceHealthIndicator.doHealthCheck(DataSourceHealthIndicator.java:102)
	at org.springframework.boot.actuate.health.AbstractHealthIndicator.health(AbstractHealthIndicator.java:82)
	at org.springframework.boot.actuate.health.CompositeHealthIndicator.health(CompositeHealthIndicator.java:95)
	at org.springframework.boot.actuate.health.HealthEndpoint.health(HealthEndpoint.java:50)
	at sun.reflect.NativeMethodAccessorImpl.invoke0(Native Method)
	at sun.reflect.NativeMethodAccessorImpl.invoke(NativeMethodAccessorImpl.java:62)
	at sun.reflect.DelegatingMethodAccessorImpl.invoke(DelegatingMethodAccessorImpl.java:43)
	at java.lang.reflect.Method.invoke(Method.java:498)
	at org.springframework.util.ReflectionUtils.invokeMethod(ReflectionUtils.java:282)
	at org.springframework.boot.actuate.endpoint.invoke.reflect.ReflectiveOperationInvoker.invoke(ReflectiveOperationInvoker.java:76)
	at org.springframework.boot.actuate.endpoint.annotation.AbstractDiscoveredOperation.invoke(AbstractDiscoveredOperation.java:60)
	at org.springframework.boot.actuate.endpoint.jmx.EndpointMBean.invoke(EndpointMBean.java:121)
	at org.springframework.boot.actuate.endpoint.jmx.EndpointMBean.invoke(EndpointMBean.java:96)
	at com.sun.jmx.interceptor.DefaultMBeanServerInterceptor.invoke(DefaultMBeanServerInterceptor.java:819)
	at com.sun.jmx.mbeanserver.JmxMBeanServer.invoke(JmxMBeanServer.java:801)
	at javax.management.remote.rmi.RMIConnectionImpl.doOperation(RMIConnectionImpl.java:1468)
	at javax.management.remote.rmi.RMIConnectionImpl.access$300(RMIConnectionImpl.java:76)
	at javax.management.remote.rmi.RMIConnectionImpl$PrivilegedOperation.run(RMIConnectionImpl.java:1309)
	at javax.management.remote.rmi.RMIConnectionImpl.doPrivilegedOperation(RMIConnectionImpl.java:1401)
	at javax.management.remote.rmi.RMIConnectionImpl.invoke(RMIConnectionImpl.java:829)
	at sun.reflect.GeneratedMethodAccessor60.invoke(Unknown Source)
	at sun.reflect.DelegatingMethodAccessorImpl.invoke(DelegatingMethodAccessorImpl.java:43)
	at java.lang.reflect.Method.invoke(Method.java:498)
	at sun.rmi.server.UnicastServerRef.dispatch(UnicastServerRef.java:357)
	at sun.rmi.transport.Transport$1.run(Transport.java:200)
	at sun.rmi.transport.Transport$1.run(Transport.java:197)
	at java.security.AccessController.doPrivileged(Native Method)
	at sun.rmi.transport.Transport.serviceCall(Transport.java:196)
	at sun.rmi.transport.tcp.TCPTransport.handleMessages(TCPTransport.java:573)
	at sun.rmi.transport.tcp.TCPTransport$ConnectionHandler.run0(TCPTransport.java:834)
	at sun.rmi.transport.tcp.TCPTransport$ConnectionHandler.lambda$run$0(TCPTransport.java:688)
	at java.security.AccessController.doPrivileged(Native Method)
	at sun.rmi.transport.tcp.TCPTransport$ConnectionHandler.run(TCPTransport.java:687)
	at java.util.concurrent.ThreadPoolExecutor.runWorker(ThreadPoolExecutor.java:1149)
	at java.util.concurrent.ThreadPoolExecutor$Worker.run(ThreadPoolExecutor.java:624)
	at java.lang.Thread.run(Thread.java:748)
19:30:12.442 [RMI TCP Connection(4)-127.0.0.1] INFO  c.a.druid.pool.DruidDataSource - {dataSource-1} inited 
19:30:12.444 [RMI TCP Connection(4)-127.0.0.1] WARN  o.s.b.a.j.DataSourceHealthIndicator - DataSource health check failed 
org.springframework.jdbc.CannotGetJdbcConnectionException: Failed to obtain JDBC Connection; nested exception is java.sql.SQLSyntaxErrorException: Unknown database 'weibo'
	at org.springframework.jdbc.datasource.DataSourceUtils.getConnection(DataSourceUtils.java:81)
	at org.springframework.jdbc.core.JdbcTemplate.execute(JdbcTemplate.java:323)
	at org.springframework.boot.actuate.jdbc.DataSourceHealthIndicator.getProduct(DataSourceHealthIndicator.java:119)
	at org.springframework.boot.actuate.jdbc.DataSourceHealthIndicator.doDataSourceHealthCheck(DataSourceHealthIndicator.java:107)
	at org.springframework.boot.actuate.jdbc.DataSourceHealthIndicator.doHealthCheck(DataSourceHealthIndicator.java:102)
	at org.springframework.boot.actuate.health.AbstractHealthIndicator.health(AbstractHealthIndicator.java:82)
	at org.springframework.boot.actuate.health.CompositeHealthIndicator.health(CompositeHealthIndicator.java:95)
	at org.springframework.boot.actuate.health.HealthEndpoint.health(HealthEndpoint.java:50)
	at sun.reflect.NativeMethodAccessorImpl.invoke0(Native Method)
	at sun.reflect.NativeMethodAccessorImpl.invoke(NativeMethodAccessorImpl.java:62)
	at sun.reflect.DelegatingMethodAccessorImpl.invoke(DelegatingMethodAccessorImpl.java:43)
	at java.lang.reflect.Method.invoke(Method.java:498)
	at org.springframework.util.ReflectionUtils.invokeMethod(ReflectionUtils.java:282)
	at org.springframework.boot.actuate.endpoint.invoke.reflect.ReflectiveOperationInvoker.invoke(ReflectiveOperationInvoker.java:76)
	at org.springframework.boot.actuate.endpoint.annotation.AbstractDiscoveredOperation.invoke(AbstractDiscoveredOperation.java:60)
	at org.springframework.boot.actuate.endpoint.jmx.EndpointMBean.invoke(EndpointMBean.java:121)
	at org.springframework.boot.actuate.endpoint.jmx.EndpointMBean.invoke(EndpointMBean.java:96)
	at com.sun.jmx.interceptor.DefaultMBeanServerInterceptor.invoke(DefaultMBeanServerInterceptor.java:819)
	at com.sun.jmx.mbeanserver.JmxMBeanServer.invoke(JmxMBeanServer.java:801)
	at javax.management.remote.rmi.RMIConnectionImpl.doOperation(RMIConnectionImpl.java:1468)
	at javax.management.remote.rmi.RMIConnectionImpl.access$300(RMIConnectionImpl.java:76)
	at javax.management.remote.rmi.RMIConnectionImpl$PrivilegedOperation.run(RMIConnectionImpl.java:1309)
	at javax.management.remote.rmi.RMIConnectionImpl.doPrivilegedOperation(RMIConnectionImpl.java:1401)
	at javax.management.remote.rmi.RMIConnectionImpl.invoke(RMIConnectionImpl.java:829)
	at sun.reflect.GeneratedMethodAccessor60.invoke(Unknown Source)
	at sun.reflect.DelegatingMethodAccessorImpl.invoke(DelegatingMethodAccessorImpl.java:43)
	at java.lang.reflect.Method.invoke(Method.java:498)
	at sun.rmi.server.UnicastServerRef.dispatch(UnicastServerRef.java:357)
	at sun.rmi.transport.Transport$1.run(Transport.java:200)
	at sun.rmi.transport.Transport$1.run(Transport.java:197)
	at java.security.AccessController.doPrivileged(Native Method)
	at sun.rmi.transport.Transport.serviceCall(Transport.java:196)
	at sun.rmi.transport.tcp.TCPTransport.handleMessages(TCPTransport.java:573)
	at sun.rmi.transport.tcp.TCPTransport$ConnectionHandler.run0(TCPTransport.java:834)
	at sun.rmi.transport.tcp.TCPTransport$ConnectionHandler.lambda$run$0(TCPTransport.java:688)
	at java.security.AccessController.doPrivileged(Native Method)
	at sun.rmi.transport.tcp.TCPTransport$ConnectionHandler.run(TCPTransport.java:687)
	at java.util.concurrent.ThreadPoolExecutor.runWorker(ThreadPoolExecutor.java:1149)
	at java.util.concurrent.ThreadPoolExecutor$Worker.run(ThreadPoolExecutor.java:624)
	at java.lang.Thread.run(Thread.java:748)
Caused by: java.sql.SQLSyntaxErrorException: Unknown database 'weibo'
	at com.mysql.cj.jdbc.exceptions.SQLError.createSQLException(SQLError.java:120)
	at com.mysql.cj.jdbc.exceptions.SQLError.createSQLException(SQLError.java:97)
	at com.mysql.cj.jdbc.exceptions.SQLExceptionsMapping.translateException(SQLExceptionsMapping.java:122)
	at com.mysql.cj.jdbc.ConnectionImpl.createNewIO(ConnectionImpl.java:835)
	at com.mysql.cj.jdbc.ConnectionImpl.<init>(ConnectionImpl.java:455)
	at com.mysql.cj.jdbc.ConnectionImpl.getInstance(ConnectionImpl.java:240)
	at com.mysql.cj.jdbc.NonRegisteringDriver.connect(NonRegisteringDriver.java:199)
	at com.alibaba.druid.pool.DruidAbstractDataSource.createPhysicalConnection(DruidAbstractDataSource.java:1578)
	at com.alibaba.druid.pool.DruidAbstractDataSource.createPhysicalConnection(DruidAbstractDataSource.java:1644)
	at com.alibaba.druid.pool.DruidDataSource.init(DruidDataSource.java:918)
	at com.alibaba.druid.pool.DruidDataSource.getConnection(DruidDataSource.java:1300)
	at com.alibaba.druid.pool.DruidDataSource.getConnection(DruidDataSource.java:1296)
	at com.alibaba.druid.pool.DruidDataSource.getConnection(DruidDataSource.java:109)
	at org.springframework.jdbc.datasource.DataSourceUtils.fetchConnection(DataSourceUtils.java:157)
	at org.springframework.jdbc.datasource.DataSourceUtils.doGetConnection(DataSourceUtils.java:115)
	at org.springframework.jdbc.datasource.DataSourceUtils.getConnection(DataSourceUtils.java:78)
	... 39 common frames omitted
19:30:12.449 [Druid-ConnectionPool-Create-641794623] ERROR c.a.druid.pool.DruidDataSource - create connection SQLException, url: jdbc:mysql://localhost:3306/weibo?useUnicode=true&characterEncoding=UTF-8&zeroDateTimeBehavior=convertToNull&allowMultiQueries=true&useSSL=false, errorCode 1049, state 42000 
java.sql.SQLSyntaxErrorException: Unknown database 'weibo'
	at com.mysql.cj.jdbc.exceptions.SQLError.createSQLException(SQLError.java:120)
	at com.mysql.cj.jdbc.exceptions.SQLError.createSQLException(SQLError.java:97)
	at com.mysql.cj.jdbc.exceptions.SQLExceptionsMapping.translateException(SQLExceptionsMapping.java:122)
	at com.mysql.cj.jdbc.ConnectionImpl.createNewIO(ConnectionImpl.java:835)
	at com.mysql.cj.jdbc.ConnectionImpl.<init>(ConnectionImpl.java:455)
	at com.mysql.cj.jdbc.ConnectionImpl.getInstance(ConnectionImpl.java:240)
	at com.mysql.cj.jdbc.NonRegisteringDriver.connect(NonRegisteringDriver.java:199)
	at com.alibaba.druid.pool.DruidAbstractDataSource.createPhysicalConnection(DruidAbstractDataSource.java:1578)
	at com.alibaba.druid.pool.DruidAbstractDataSource.createPhysicalConnection(DruidAbstractDataSource.java:1644)
	at com.alibaba.druid.pool.DruidDataSource$CreateConnectionThread.run(DruidDataSource.java:2570)
19:30:12.455 [Druid-ConnectionPool-Create-641794623] ERROR c.a.druid.pool.DruidDataSource - create connection SQLException, url: jdbc:mysql://localhost:3306/weibo?useUnicode=true&characterEncoding=UTF-8&zeroDateTimeBehavior=convertToNull&allowMultiQueries=true&useSSL=false, errorCode 1049, state 42000 
java.sql.SQLSyntaxErrorException: Unknown database 'weibo'
	at com.mysql.cj.jdbc.exceptions.SQLError.createSQLException(SQLError.java:120)
	at com.mysql.cj.jdbc.exceptions.SQLError.createSQLException(SQLError.java:97)
	at com.mysql.cj.jdbc.exceptions.SQLExceptionsMapping.translateException(SQLExceptionsMapping.java:122)
	at com.mysql.cj.jdbc.ConnectionImpl.createNewIO(ConnectionImpl.java:835)
	at com.mysql.cj.jdbc.ConnectionImpl.<init>(ConnectionImpl.java:455)
	at com.mysql.cj.jdbc.ConnectionImpl.getInstance(ConnectionImpl.java:240)
	at com.mysql.cj.jdbc.NonRegisteringDriver.connect(NonRegisteringDriver.java:199)
	at com.alibaba.druid.pool.DruidAbstractDataSource.createPhysicalConnection(DruidAbstractDataSource.java:1578)
	at com.alibaba.druid.pool.DruidAbstractDataSource.createPhysicalConnection(DruidAbstractDataSource.java:1644)
	at com.alibaba.druid.pool.DruidDataSource$CreateConnectionThread.run(DruidDataSource.java:2570)
19:30:12.968 [Druid-ConnectionPool-Create-641794623] ERROR c.a.druid.pool.DruidDataSource - create connection SQLException, url: jdbc:mysql://localhost:3306/weibo?useUnicode=true&characterEncoding=UTF-8&zeroDateTimeBehavior=convertToNull&allowMultiQueries=true&useSSL=false, errorCode 1049, state 42000 
java.sql.SQLSyntaxErrorException: Unknown database 'weibo'
	at com.mysql.cj.jdbc.exceptions.SQLError.createSQLException(SQLError.java:120)
	at com.mysql.cj.jdbc.exceptions.SQLError.createSQLException(SQLError.java:97)
	at com.mysql.cj.jdbc.exceptions.SQLExceptionsMapping.translateException(SQLExceptionsMapping.java:122)
	at com.mysql.cj.jdbc.ConnectionImpl.createNewIO(ConnectionImpl.java:835)
	at com.mysql.cj.jdbc.ConnectionImpl.<init>(ConnectionImpl.java:455)
	at com.mysql.cj.jdbc.ConnectionImpl.getInstance(ConnectionImpl.java:240)
	at com.mysql.cj.jdbc.NonRegisteringDriver.connect(NonRegisteringDriver.java:199)
	at com.alibaba.druid.pool.DruidAbstractDataSource.createPhysicalConnection(DruidAbstractDataSource.java:1578)
	at com.alibaba.druid.pool.DruidAbstractDataSource.createPhysicalConnection(DruidAbstractDataSource.java:1644)
	at com.alibaba.druid.pool.DruidDataSource$CreateConnectionThread.run(DruidDataSource.java:2570)
19:30:13.477 [Druid-ConnectionPool-Create-641794623] ERROR c.a.druid.pool.DruidDataSource - create connection SQLException, url: jdbc:mysql://localhost:3306/weibo?useUnicode=true&characterEncoding=UTF-8&zeroDateTimeBehavior=convertToNull&allowMultiQueries=true&useSSL=false, errorCode 1049, state 42000 
java.sql.SQLSyntaxErrorException: Unknown database 'weibo'
	at com.mysql.cj.jdbc.exceptions.SQLError.createSQLException(SQLError.java:120)
	at com.mysql.cj.jdbc.exceptions.SQLError.createSQLException(SQLError.java:97)
	at com.mysql.cj.jdbc.exceptions.SQLExceptionsMapping.translateException(SQLExceptionsMapping.java:122)
	at com.mysql.cj.jdbc.ConnectionImpl.createNewIO(ConnectionImpl.java:835)
	at com.mysql.cj.jdbc.ConnectionImpl.<init>(ConnectionImpl.java:455)
	at com.mysql.cj.jdbc.ConnectionImpl.getInstance(ConnectionImpl.java:240)
	at com.mysql.cj.jdbc.NonRegisteringDriver.connect(NonRegisteringDriver.java:199)
	at com.alibaba.druid.pool.DruidAbstractDataSource.createPhysicalConnection(DruidAbstractDataSource.java:1578)
	at com.alibaba.druid.pool.DruidAbstractDataSource.createPhysicalConnection(DruidAbstractDataSource.java:1644)
	at com.alibaba.druid.pool.DruidDataSource$CreateConnectionThread.run(DruidDataSource.java:2570)
19:30:13.990 [Druid-ConnectionPool-Create-641794623] ERROR c.a.druid.pool.DruidDataSource - create connection SQLException, url: jdbc:mysql://localhost:3306/weibo?useUnicode=true&characterEncoding=UTF-8&zeroDateTimeBehavior=convertToNull&allowMultiQueries=true&useSSL=false, errorCode 1049, state 42000 
java.sql.SQLSyntaxErrorException: Unknown database 'weibo'
	at com.mysql.cj.jdbc.exceptions.SQLError.createSQLException(SQLError.java:120)
	at com.mysql.cj.jdbc.exceptions.SQLError.createSQLException(SQLError.java:97)
	at com.mysql.cj.jdbc.exceptions.SQLExceptionsMapping.translateException(SQLExceptionsMapping.java:122)
	at com.mysql.cj.jdbc.ConnectionImpl.createNewIO(ConnectionImpl.java:835)
	at com.mysql.cj.jdbc.ConnectionImpl.<init>(ConnectionImpl.java:455)
	at com.mysql.cj.jdbc.ConnectionImpl.getInstance(ConnectionImpl.java:240)
	at com.mysql.cj.jdbc.NonRegisteringDriver.connect(NonRegisteringDriver.java:199)
	at com.alibaba.druid.pool.DruidAbstractDataSource.createPhysicalConnection(DruidAbstractDataSource.java:1578)
	at com.alibaba.druid.pool.DruidAbstractDataSource.createPhysicalConnection(DruidAbstractDataSource.java:1644)
	at com.alibaba.druid.pool.DruidDataSource$CreateConnectionThread.run(DruidDataSource.java:2570)
19:30:14.498 [Druid-ConnectionPool-Create-641794623] ERROR c.a.druid.pool.DruidDataSource - create connection SQLException, url: jdbc:mysql://localhost:3306/weibo?useUnicode=true&characterEncoding=UTF-8&zeroDateTimeBehavior=convertToNull&allowMultiQueries=true&useSSL=false, errorCode 1049, state 42000 
java.sql.SQLSyntaxErrorException: Unknown database 'weibo'
	at com.mysql.cj.jdbc.exceptions.SQLError.createSQLException(SQLError.java:120)
	at com.mysql.cj.jdbc.exceptions.SQLError.createSQLException(SQLError.java:97)
	at com.mysql.cj.jdbc.exceptions.SQLExceptionsMapping.translateException(SQLExceptionsMapping.java:122)
	at com.mysql.cj.jdbc.ConnectionImpl.createNewIO(ConnectionImpl.java:835)
	at com.mysql.cj.jdbc.ConnectionImpl.<init>(ConnectionImpl.java:455)
	at com.mysql.cj.jdbc.ConnectionImpl.getInstance(ConnectionImpl.java:240)
	at com.mysql.cj.jdbc.NonRegisteringDriver.connect(NonRegisteringDriver.java:199)
	at com.alibaba.druid.pool.DruidAbstractDataSource.createPhysicalConnection(DruidAbstractDataSource.java:1578)
	at com.alibaba.druid.pool.DruidAbstractDataSource.createPhysicalConnection(DruidAbstractDataSource.java:1644)
	at com.alibaba.druid.pool.DruidDataSource$CreateConnectionThread.run(DruidDataSource.java:2570)
19:30:15.006 [Druid-ConnectionPool-Create-641794623] ERROR c.a.druid.pool.DruidDataSource - create connection SQLException, url: jdbc:mysql://localhost:3306/weibo?useUnicode=true&characterEncoding=UTF-8&zeroDateTimeBehavior=convertToNull&allowMultiQueries=true&useSSL=false, errorCode 1049, state 42000 
java.sql.SQLSyntaxErrorException: Unknown database 'weibo'
	at com.mysql.cj.jdbc.exceptions.SQLError.createSQLException(SQLError.java:120)
	at com.mysql.cj.jdbc.exceptions.SQLError.createSQLException(SQLError.java:97)
	at com.mysql.cj.jdbc.exceptions.SQLExceptionsMapping.translateException(SQLExceptionsMapping.java:122)
	at com.mysql.cj.jdbc.ConnectionImpl.createNewIO(ConnectionImpl.java:835)
	at com.mysql.cj.jdbc.ConnectionImpl.<init>(ConnectionImpl.java:455)
	at com.mysql.cj.jdbc.ConnectionImpl.getInstance(ConnectionImpl.java:240)
	at com.mysql.cj.jdbc.NonRegisteringDriver.connect(NonRegisteringDriver.java:199)
	at com.alibaba.druid.pool.DruidAbstractDataSource.createPhysicalConnection(DruidAbstractDataSource.java:1578)
	at com.alibaba.druid.pool.DruidAbstractDataSource.createPhysicalConnection(DruidAbstractDataSource.java:1644)
	at com.alibaba.druid.pool.DruidDataSource$CreateConnectionThread.run(DruidDataSource.java:2570)
19:30:15.520 [Druid-ConnectionPool-Create-641794623] ERROR c.a.druid.pool.DruidDataSource - create connection SQLException, url: jdbc:mysql://localhost:3306/weibo?useUnicode=true&characterEncoding=UTF-8&zeroDateTimeBehavior=convertToNull&allowMultiQueries=true&useSSL=false, errorCode 1049, state 42000 
java.sql.SQLSyntaxErrorException: Unknown database 'weibo'
	at com.mysql.cj.jdbc.exceptions.SQLError.createSQLException(SQLError.java:120)
	at com.mysql.cj.jdbc.exceptions.SQLError.createSQLException(SQLError.java:97)
	at com.mysql.cj.jdbc.exceptions.SQLExceptionsMapping.translateException(SQLExceptionsMapping.java:122)
	at com.mysql.cj.jdbc.ConnectionImpl.createNewIO(ConnectionImpl.java:835)
	at com.mysql.cj.jdbc.ConnectionImpl.<init>(ConnectionImpl.java:455)
	at com.mysql.cj.jdbc.ConnectionImpl.getInstance(ConnectionImpl.java:240)
	at com.mysql.cj.jdbc.NonRegisteringDriver.connect(NonRegisteringDriver.java:199)
	at com.alibaba.druid.pool.DruidAbstractDataSource.createPhysicalConnection(DruidAbstractDataSource.java:1578)
	at com.alibaba.druid.pool.DruidAbstractDataSource.createPhysicalConnection(DruidAbstractDataSource.java:1644)
	at com.alibaba.druid.pool.DruidDataSource$CreateConnectionThread.run(DruidDataSource.java:2570)
19:30:16.029 [Druid-ConnectionPool-Create-641794623] ERROR c.a.druid.pool.DruidDataSource - create connection SQLException, url: jdbc:mysql://localhost:3306/weibo?useUnicode=true&characterEncoding=UTF-8&zeroDateTimeBehavior=convertToNull&allowMultiQueries=true&useSSL=false, errorCode 1049, state 42000 
java.sql.SQLSyntaxErrorException: Unknown database 'weibo'
	at com.mysql.cj.jdbc.exceptions.SQLError.createSQLException(SQLError.java:120)
	at com.mysql.cj.jdbc.exceptions.SQLError.createSQLException(SQLError.java:97)
	at com.mysql.cj.jdbc.exceptions.SQLExceptionsMapping.translateException(SQLExceptionsMapping.java:122)
	at com.mysql.cj.jdbc.ConnectionImpl.createNewIO(ConnectionImpl.java:835)
	at com.mysql.cj.jdbc.ConnectionImpl.<init>(ConnectionImpl.java:455)
	at com.mysql.cj.jdbc.ConnectionImpl.getInstance(ConnectionImpl.java:240)
	at com.mysql.cj.jdbc.NonRegisteringDriver.connect(NonRegisteringDriver.java:199)
	at com.alibaba.druid.pool.DruidAbstractDataSource.createPhysicalConnection(DruidAbstractDataSource.java:1578)
	at com.alibaba.druid.pool.DruidAbstractDataSource.createPhysicalConnection(DruidAbstractDataSource.java:1644)
	at com.alibaba.druid.pool.DruidDataSource$CreateConnectionThread.run(DruidDataSource.java:2570)
19:30:16.538 [Druid-ConnectionPool-Create-641794623] ERROR c.a.druid.pool.DruidDataSource - create connection SQLException, url: jdbc:mysql://localhost:3306/weibo?useUnicode=true&characterEncoding=UTF-8&zeroDateTimeBehavior=convertToNull&allowMultiQueries=true&useSSL=false, errorCode 1049, state 42000 
java.sql.SQLSyntaxErrorException: Unknown database 'weibo'
	at com.mysql.cj.jdbc.exceptions.SQLError.createSQLException(SQLError.java:120)
	at com.mysql.cj.jdbc.exceptions.SQLError.createSQLException(SQLError.java:97)
	at com.mysql.cj.jdbc.exceptions.SQLExceptionsMapping.translateException(SQLExceptionsMapping.java:122)
	at com.mysql.cj.jdbc.ConnectionImpl.createNewIO(ConnectionImpl.java:835)
	at com.mysql.cj.jdbc.ConnectionImpl.<init>(ConnectionImpl.java:455)
	at com.mysql.cj.jdbc.ConnectionImpl.getInstance(ConnectionImpl.java:240)
	at com.mysql.cj.jdbc.NonRegisteringDriver.connect(NonRegisteringDriver.java:199)
	at com.alibaba.druid.pool.DruidAbstractDataSource.createPhysicalConnection(DruidAbstractDataSource.java:1578)
	at com.alibaba.druid.pool.DruidAbstractDataSource.createPhysicalConnection(DruidAbstractDataSource.java:1644)
	at com.alibaba.druid.pool.DruidDataSource$CreateConnectionThread.run(DruidDataSource.java:2570)
19:30:17.051 [Druid-ConnectionPool-Create-641794623] ERROR c.a.druid.pool.DruidDataSource - create connection SQLException, url: jdbc:mysql://localhost:3306/weibo?useUnicode=true&characterEncoding=UTF-8&zeroDateTimeBehavior=convertToNull&allowMultiQueries=true&useSSL=false, errorCode 1049, state 42000 
java.sql.SQLSyntaxErrorException: Unknown database 'weibo'
	at com.mysql.cj.jdbc.exceptions.SQLError.createSQLException(SQLError.java:120)
	at com.mysql.cj.jdbc.exceptions.SQLError.createSQLException(SQLError.java:97)
	at com.mysql.cj.jdbc.exceptions.SQLExceptionsMapping.translateException(SQLExceptionsMapping.java:122)
	at com.mysql.cj.jdbc.ConnectionImpl.createNewIO(ConnectionImpl.java:835)
	at com.mysql.cj.jdbc.ConnectionImpl.<init>(ConnectionImpl.java:455)
	at com.mysql.cj.jdbc.ConnectionImpl.getInstance(ConnectionImpl.java:240)
	at com.mysql.cj.jdbc.NonRegisteringDriver.connect(NonRegisteringDriver.java:199)
	at com.alibaba.druid.pool.DruidAbstractDataSource.createPhysicalConnection(DruidAbstractDataSource.java:1578)
	at com.alibaba.druid.pool.DruidAbstractDataSource.createPhysicalConnection(DruidAbstractDataSource.java:1644)
	at com.alibaba.druid.pool.DruidDataSource$CreateConnectionThread.run(DruidDataSource.java:2570)
